Arguments: 
  C:\Program Files\nodejs\node.exe C:\Program Files (x86)\Yarn\bin\yarn.js version

PATH: 
  C:\Users\Kumaraswamy\bin;C:\Program Files\Git\mingw64\bin;C:\Program Files\Git\usr\local\bin;C:\Program Files\Git\usr\bin;C:\Program Files\Git\usr\bin;C:\Program Files\Git\mingw64\bin;C:\Program Files\Git\usr\bin;C:\Users\Kumaraswamy\bin;C:\ProgramData\Oracle\Java\javapath;C:\Program Files (x86)\Intel\iCLS Client;C:\Program Files\Intel\iCLS Client;C:\WINDOWS\system32;C:\WINDOWS;C:\WINDOWS\System32\Wbem;C:\WINDOWS\System32\WindowsPowerShell\v1.0;C:\Program Files\Intel\Intel(R) Management Engine Components\DAL;C:\Program Files\Intel\Intel(R) Management Engine Components\IPT;C:\Program Files (x86)\Intel\Intel(R) Management Engine Components\DAL;C:\Program Files (x86)\Intel\Intel(R) Management Engine Components\IPT;C:\Program Files\Microsoft\Web Platform Installer;C:\Program Files (x86)\Microsoft ASP.NET\ASP.NET Web Pages\v1.0;C:\Program Files\Microsoft SQL Server\110\Tools\Binn;C:\Program Files\Intel\WiFi\bin;C:\Program Files\Common Files\Intel\WirelessCommon;C:\Program Files (x86)\Windows Live\Shared;C:\Program Files (x86)\Windows Kits\8.1\Windows Performance Toolkit;C:\Program Files (x86)\Microsoft SDKs\TypeScript\1.0;C:\Program Files\Microsoft SQL Server\120\Tools\Binn;C:\Program Files (x86)\Microsoft SQL Server\110\Tools\Binn;C:\Program Files\Microsoft SQL Server\110\DTS\Binn;C:\Program Files (x86)\Microsoft SQL Server\110\Tools\Binn\ManagementStudio;C:\Program Files (x86)\Microsoft SQL Server\110\DTS\Binn;C:\Program Files (x86)\QuickTime\QTSystem;C:\Program Files\Microsoft SQL Server\130\Tools\Binn;C:\Program Files\MySQL\MySQL Utilities 1.6;C:\Program Files\dotnet;C:\Program Files\nodejs;C:\Program Files (x86)\Yarn\bin;C:\Program Files\Java\jdk1.8.0_91\bin;C:\Users\Kumaraswamy\AppData\Local\Microsoft\WindowsApps;C:\Users\Kumaraswamy\AppData\Roaming\npm;C:\Users\Kumaraswamy\AppData\Local\Yarn\bin;C:\Program Files\Git\usr\bin\vendor_perl;C:\Program Files\Git\usr\bin\core_perl

Yarn version: 
  0.27.5

Node version: 
  8.2.1

Platform: 
  win32 x64

npm manifest: 
  {
    "name": "sample",
    "version": "0.1.0",
    "private": true,
    "dependencies": {
      "react": "^15.6.1",
      "react-dom": "^15.6.1",
      "react-router": "^4.1.2",
      "react-scripts": "1.0.11"
    },
    "scripts": {
      "start": "react-scripts start",
      "build": "react-scripts build",
      "test": "react-scripts test --env=jsdom",
      "eject": "react-scripts eject"
    },
    "devDependencies": {
      "react-hot-loader": "^1.3.1"
    }
  }

yarn manifest: 
  No manifest

Lockfile: 
  No lockfile

Trace: 
  Error: Can't answer a question unless a user TTY
      at ConsoleReporter.question (C:\Program Files (x86)\Yarn\lib\yarn-cli.js:81327:59)
      at C:\Program Files (x86)\Yarn\lib\yarn-cli.js:55973:35
      at Generator.next (<anonymous>)
      at step (C:\Program Files (x86)\Yarn\lib\yarn-cli.js:91:30)
      at C:\Program Files (x86)\Yarn\lib\yarn-cli.js:102:13
      at <anonymous>
